<?xml version="1.0" encoding="UTF-8"?>
<!-- Generated by org.testng.reporters.JUnitReportReporter -->
<testsuite skipped="0" hostname="ip-192-168-0-107.eu-central-1.compute.internal" name="com.hillel.auto.SeleniumDevTest" tests="6" failures="0" timestamp="2020-05-22T20:02:40 EEST" time="24.942" errors="0">
  <testcase name="seleniumProjectShouldBeOpened" time="4.337" classname="com.hillel.auto.SeleniumDevTest"/>
  <system-out/>
  <testcase name="seleniumSupportShouldBeOpened" time="3.565" classname="com.hillel.auto.SeleniumDevTest"/>
  <system-out/>
  <testcase name="seleniumDevSiteShouldBeOpened" time="4.541" classname="com.hillel.auto.SeleniumDevTest"/>
  <system-out/>
  <testcase name="seleniumDownloadsShouldBeOpened" time="3.658" classname="com.hillel.auto.SeleniumDevTest"/>
  <system-out/>
  <testcase name="seleniumDocumentationShouldBeOpened" time="4.205" classname="com.hillel.auto.SeleniumDevTest"/>
  <system-out/>
  <testcase name="seleniumBlogShouldBeOpened" time="4.636" classname="com.hillel.auto.SeleniumDevTest"/>
  <system-out/>
</testsuite> <!-- com.hillel.auto.SeleniumDevTest -->
