<?xml version="1.0" encoding="UTF-8"?>
<!-- Generated by org.testng.reporters.JUnitReportReporter -->
<testsuite skipped="0" hostname="ip-192-168-0-107.eu-central-1.compute.internal" name="com.hillel.auto.UserNavigateTest" tests="3" failures="0" timestamp="2020-05-22T20:02:40 EEST" time="52.099" errors="0">
  <testcase name="navigateToUsername" time="28.479" classname="com.hillel.auto.UserNavigateTest"/>
  <system-out/>
  <testcase name="navigateToSettingsTest" time="11.804" classname="com.hillel.auto.UserNavigateTest"/>
  <system-out/>
  <testcase name="navigateToNewPostTest" time="11.816" classname="com.hillel.auto.UserNavigateTest"/>
  <system-out/>
</testsuite> <!-- com.hillel.auto.UserNavigateTest -->
