<?xml version="1.0" encoding="UTF-8"?>
<!-- Generated by org.testng.reporters.JUnitReportReporter -->
<testsuite skipped="0" hostname="ip-192-168-0-107.eu-central-1.compute.internal" name="com.hillel.auto.UserLoginTest" tests="3" failures="0" timestamp="2020-05-22T20:02:40 EEST" time="13.586" errors="0">
  <testcase name="wrongPasswordTest" time="3.716" classname="com.hillel.auto.UserLoginTest"/>
  <system-out/>
  <testcase name="blankEmailOrPasswordTest" time="4.544" classname="com.hillel.auto.UserLoginTest"/>
  <system-out/>
  <testcase name="loginTest" time="5.326" classname="com.hillel.auto.UserLoginTest"/>
  <system-out/>
</testsuite> <!-- com.hillel.auto.UserLoginTest -->
